<?xml version="1.0" encoding="UTF-8"?>
<!-- Generated by org.testng.reporters.JUnitReportReporter -->
<testsuite hostname="OSIT-L-0463" name="packageOne.ClassFour" tests="1" failures="0" timestamp="8 Mar 2017 14:30:41 GMT" time="0.000" errors="0">
  <testcase name="testFour" time="0.000" classname="packageOne.ClassFour"/>
</testsuite> <!-- packageOne.ClassFour -->
